<?xml version="1.0" encoding="UTF-8"?>
<!-- Generated by org.testng.reporters.JUnitXMLReporter -->
<testsuite ignored="5" hostname="DESKTOP-NPVIESQ" failures="0" tests="5" name="TestNGgrouping" time="0.064" errors="0" timestamp="2022-12-28T12:11:23 PST">
  <testcase classname="testNGXML.TestingGrup1" name="C" time="0.009"/>
  <testcase classname="testNGXML.TestingGrup1" name="E" time="0.001"/>
  <testcase classname="testNGXML.TestingGrup2" name="G" time="0.001"/>
  <testcase classname="testNGXML.TestingGrup2" name="I" time="0.001"/>
  <testcase classname="testNGXML.TestingGrup2" name="J" time="0.001"/>
  <testcase classname="testNGXML.TestingGrup1" name="B" time="0.0">
    <ignored/>
  </testcase> <!-- B -->
  <testcase classname="testNGXML.TestingGrup1" name="D" time="0.0">
    <ignored/>
  </testcase> <!-- D -->
  <testcase classname="testNGXML.TestingGrup1" name="A" time="0.0">
    <ignored/>
  </testcase> <!-- A -->
  <testcase classname="testNGXML.TestingGrup2" name="H" time="0.0">
    <ignored/>
  </testcase> <!-- H -->
  <testcase classname="testNGXML.TestingGrup2" name="F" time="0.0">
    <ignored/>
  </testcase> <!-- F -->
</testsuite> <!-- TestNGgrouping -->
