<?xml version="1.0" encoding="UTF-8"?>
<!-- Generated by org.testng.reporters.JUnitXMLReporter -->
<testsuite ignored="0" hostname="DESKTOP-NPVIESQ" failures="2" tests="6" name="Test" time="0.084" errors="0" timestamp="2023-01-21T16:16:44 IST">
  <testcase classname="listnersUse.TestNGListner1" name="test1" time="0.009"/>
  <testcase classname="listnersUse.TestNGListner1" name="test2" time="0.003">
    <failure type="java.lang.AssertionError" message="null">
      <![CDATA[java.lang.AssertionError: null
at listnersUse.TestNGListner1.test2(TestNGListner1.java:21)
at java.base/java.util.ArrayList.forEach(ArrayList.java:1511)
... Removed 29 stack frames]]>
    </failure>
  </testcase> <!-- test2 -->
  <testcase classname="listnersUse.TestNGListner1" name="test3" time="0.0">
    <skipped/>
  </testcase> <!-- test3 -->
  <testcase classname="listnersUse.TestNGListner2" name="test4" time="0.001"/>
  <testcase classname="listnersUse.TestNGListner2" name="test5" time="0.001">
    <failure type="java.lang.AssertionError" message="null">
      <![CDATA[java.lang.AssertionError: null
at listnersUse.TestNGListner2.test5(TestNGListner2.java:21)
at java.base/java.util.ArrayList.forEach(ArrayList.java:1511)
... Removed 29 stack frames]]>
    </failure>
  </testcase> <!-- test5 -->
  <testcase classname="listnersUse.TestNGListner2" name="test6" time="0.0">
    <skipped/>
  </testcase> <!-- test6 -->
</testsuite> <!-- Test -->
